{
  "0 debug pnpm:scope": {
    "selected": 1,
    "workspacePrefix": "/Users/liudan/项目/open-source/timetravelCYN/umi"
  },
  "1 error pnpm": {
    "code": "ELIFECYCLE",
    "errno": "ENOENT",
    "syscall": "spawn",
    "file": "sh",
    "pkgid": "@",
    "stage": "build",
    "script": "umi-scripts turbo --cmd build",
    "err": {
      "name": "pnpm",
      "message": "@ build: `umi-scripts turbo --cmd build`\nspawn ENOENT",
      "code": "ELIFECYCLE",
      "stack": "pnpm: @ build: `umi-scripts turbo --cmd build`\nspawn ENOENT\n    at ChildProcess.<anonymous> (/snapshot/dist/pnpm.cjs)\n    at ChildProcess.emit (events.js:400:28)\n    at maybeClose (internal/child_process.js:1088:16)\n    at Process.ChildProcess._handle.onexit (internal/child_process.js:296:5)"
    }
  },
  "2 warn pnpm:global": " Local package.json exists, but node_modules missing, did you mean to install?"
}